[2025-06-28 01:02:49] User said: Sorry, I couldn't understand.
[2025-06-28 01:03:00] User said: hi akshita
[2025-06-28 01:03:35] Chatbot: No need to apologize at all! It happens, and I'm here to help.

My apologies if my previous explanation wasn't clear. To help me understand what went wrong, could you please tell me:

*   **What specific part or concept was confusing?**
*   **Was it a particular word or phrase?**
*   **Did I use jargon or explain something too quickly?**
*   **Would you like me to rephrase the entire explanation, or just clarify a specific detail?**

The more information you can give me, the better I can tailor my next response to be clearer for you. I'm ready to try again!
[2025-06-28 01:03:58] User said: take a screenshot
[2025-06-28 01:04:50] User said: open youtube
[2025-06-28 01:05:16] User said: hi 
[2025-06-28 01:05:34] User said: how are you?
[2025-06-28 12:49:00] User said: take screenshot of the page
[2025-06-28 12:49:12] Assistant: Screenshot taken and saved as screenshots\screenshot_2025-06-28_12-49-00.png.
[2025-06-28 12:50:03] User said: lock the system
[2025-06-28 12:50:38] User said: lock system
[2025-06-28 12:50:39] Assistant: System locked.
[2025-06-28 18:29:22] User said: Internet issue or service down.
[2025-06-28 18:29:54] User said: open chrome
[2025-06-28 18:29:56] Assistant: Opening Google Chrome.
[2025-06-28 18:29:56] User said: Internet issue or service down.
[2025-06-28 18:39:23] Chatbot: I'm Sorry!, I couldn't process the request at the moment.
[2025-06-28 18:39:59] Chatbot: I'm Sorry!, I couldn't process the request at the moment.
[2025-06-28 19:26:42] User said: access webcam
[2025-06-28 19:34:36] User said: take photo
